build/app/outputs/mapping/release/mapping.txt
# compiler: R8
# compiler_version: 1.5.64
# min_api: 16
# pg_map_id: 02e1d70
...
com.google.android.exoplayer2.extractor.MpegAudioHeader -> d.a.a.a.i0.k:
    int bitrate -> f
    int samplesPerFrame -> g
    int sampleRate -> d
    int channels -> e
    int frameSize -> c
    int version -> a
    int[] SAMPLING_RATE_V1 -> i
    java.lang.String[] MIME_TYPE_BY_LAYER -> h
    int[] BITRATE_V2 -> n
    int[] BITRATE_V1_L1 -> j
    int[] BITRATE_V2_L1 -> k
    java.lang.String mimeType -> b
    int[] BITRATE_V1_L2 -> l
    int[] BITRATE_V1_L3 -> m
    int getFrameSize(int) -> a
    boolean populateHeader(int,com.google.android.exoplayer2.extractor.MpegAudioHeader) -> a
    void setValues(int,java.lang.String,int,int,int,int,int) -> a
com.google.android.exoplayer2.extractor.PositionHolder -> d.a.a.a.i0.l:
    long position -> a
com.google.android.exoplayer2.extractor.SeekMap -> d.a.a.a.i0.m:
    com.google.android.exoplayer2.extractor.SeekMap$SeekPoints getSeekPoints(long) -> b
    boolean isSeekable() -> b
    long getDurationUs() -> c
com.google.android.exoplayer2.extractor.SeekMap$SeekPoints -> d.a.a.a.i0.m$a:
    com.google.android.exoplayer2.extractor.SeekPoint first -> a
    com.google.android.exoplayer2.extractor.SeekPoint second -> b
com.google.android.exoplayer2.extractor.SeekMap$Unseekable -> d.a.a.a.i0.m$b:
    long durationUs -> a
    com.google.android.exoplayer2.extractor.SeekMap$SeekPoints startSeekPoints -> b
    com.google.android.exoplayer2.extractor.SeekMap$SeekPoints getSeekPoints(long) -> b
    boolean isSeekable() -> b
    long getDurationUs() -> c
com.google.android.exoplayer2.extractor.SeekPoint -> d.a.a.a.i0.n:
    com.google.android.exoplayer2.extractor.SeekPoint START -> c
    long position -> b
    long timeUs -> a
com.google.android.exoplayer2.extractor.TrackOutput -> d.a.a.a.i0.o:
    void format(com.google.android.exoplayer2.Format) -> a
    int sampleData(com.google.android.exoplayer2.extractor.ExtractorInput,int,boolean) -> a
    void sampleData(com.google.android.exoplayer2.util.ParsableByteArray,int) -> a
    void sampleMetadata(long,int,int,int,com.google.android.exoplayer2.extractor.TrackOutput$CryptoData) -> a
com.google.android.exoplayer2.extractor.TrackOutput$CryptoData -> d.a.a.a.i0.o$a:
    byte[] encryptionKey -> b
    int clearBlocks -> d
    int encryptedBlocks -> c
    int cryptoMode -> a
com.google.android.exoplayer2.extractor.amr.AmrExtractor -> d.a.a.a.i0.p.a:
    int[] frameSizeBytesByTypeNb -> h
    int MAX_FRAME_SIZE_BYTES -> l
    int[] frameSizeBytesByTypeWb -> i
    byte[] scratch -> a
    byte[] amrSignatureWb -> k
    com.google.android.exoplayer2.extractor.TrackOutput trackOutput -> f
    byte[] amrSignatureNb -> j
    int currentSampleTotalBytes -> d
    boolean hasOutputFormat -> g
    long currentSampleTimeUs -> c
    int currentSampleBytesRemaining -> e
    boolean isWideBand -> b
    int getFrameSizeInBytes(int) -> a
    void init(com.google.android.exoplayer2.extractor.ExtractorOutput) -> a
    boolean peekAmrSignature(com.google.android.exoplayer2.extractor.ExtractorInput,byte[]) -> a
    int read(com.google.android.exoplayer2.extractor.ExtractorInput,com.google.android.exoplayer2.extractor.PositionHolder) -> a
    void release() -> a
    void seek(long,long) -> a
    boolean sniff(com.google.android.exoplayer2.extractor.ExtractorInput) -> a
    boolean isNarrowBandValidFrameType(int) -> b
    void maybeOutputFormat() -> b
    boolean readAmrHeader(com.google.android.exoplayer2.extractor.ExtractorInput) -> b
    boolean isValidFrameType(int) -> c
    int readNextSampleSize(com.google.android.exoplayer2.extractor.ExtractorInput) -> c
    boolean isWideBandValidFrameType(int) -> d
    int readSample(com.google.android.exoplayer2.extractor.ExtractorInput) -> d
com.google.android.exoplayer2.extractor.amr.AmrExtractor$1 -> d.a.a.a.i0.p.a$a:
    com.google.android.exoplayer2.extractor.Extractor[] createExtractors() -> a